
**** Build of configuration Debug for project Example_2803xHRCap_Capture_HRPwm ****

"C:\\ti\\ccsv5\\utils\\bin\\gmake" -k all 
gmake: *** No rule to make target `C:/Users/a0415888/Documents/pwd/C2000Launchpad/git_repos/DSP2803x_common/source/DSP2803x_CodeStartBranch.asm', needed by `DSP2803x_CodeStartBranch.obj'.
gmake: *** No rule to make target `C:/Users/a0415888/Documents/pwd/C2000Launchpad/git_repos/DSP2803x_common/source/DSP2803x_CpuTimers.c', needed by `DSP2803x_CpuTimers.obj'.
gmake: *** No rule to make target `C:/Users/a0415888/Documents/pwd/C2000Launchpad/git_repos/DSP2803x_common/source/DSP2803x_DefaultIsr.c', needed by `DSP2803x_DefaultIsr.obj'.
gmake: *** No rule to make target `C:/Users/a0415888/Documents/pwd/C2000Launchpad/git_repos/DSP2803x_common/source/DSP2803x_EPwm.c', needed by `DSP2803x_EPwm.obj'.
gmake: *** No rule to make target `C:/Users/a0415888/Documents/pwd/C2000Launchpad/git_repos/DSP2803x_headers/source/DSP2803x_GlobalVariableDefs.c', needed by `DSP2803x_GlobalVariableDefs.obj'.
gmake: *** No rule to make target `C:/Users/a0415888/Documents/pwd/C2000Launchpad/git_repos/DSP2803x_common/source/DSP2803x_HRCap.c', needed by `DSP2803x_HRCap.obj'.
gmake: *** No rule to make target `C:/Users/a0415888/Documents/pwd/C2000Launchpad/git_repos/DSP2803x_common/source/DSP2803x_PieCtrl.c', needed by `DSP2803x_PieCtrl.obj'.
gmake: *** No rule to make target `C:/Users/a0415888/Documents/pwd/C2000Launchpad/git_repos/DSP2803x_common/source/DSP2803x_PieVect.c', needed by `DSP2803x_PieVect.obj'.
gmake: *** No rule to make target `C:/Users/a0415888/Documents/pwd/C2000Launchpad/git_repos/DSP2803x_common/source/DSP2803x_SysCtrl.c', needed by `DSP2803x_SysCtrl.obj'.
gmake: *** No rule to make target `C:/Users/a0415888/Documents/pwd/C2000Launchpad/git_repos/DSP2803x_common/source/DSP2803x_usDelay.asm', needed by `DSP2803x_usDelay.obj'.
'Building file: ../Example_2803xHRCap_Seuffer_Blank.c'
'Invoking: C2000 Compiler'
"C:/ti/ccsv5/tools/compiler/c2000_6.2.0/bin/cl2000" -v28 -ml -mt --cla_support=cla0 --include_path="C:/ti/ccsv5/tools/compiler/c2000_6.2.0/include" --include_path="C:/Users/a0415888/Documents/libs/utilities/hrcap_hccal/type0/v100/include" --include_path="C:/Users/a0415888/Documents/pwd/C2000Launchpad/git_repos/DSP2803x_headers/include" --include_path="C:/Users/a0415888/Documents/pwd/C2000Launchpad/git_repos/DSP2803x_common/include" --include_path="C:/Users/a0415888/Documents/libs/math/IQmath/v160/include" -g --define="_DEBUG" --define="LARGE_MODEL" --quiet --verbose_diagnostics --diag_warning=225 --issue_remarks -k --output_all_syms --cdebug_asm_data --preproc_with_compile --preproc_dependency="Example_2803xHRCap_Seuffer_Blank.pp"  "../Example_2803xHRCap_Seuffer_Blank.c"
"../Example_2803xHRCap_Seuffer_Blank.c", line 70: fatal error: cannot open
          source file "DSP2803x_Device.h"
  #include "DSP2803x_Device.h"         // DSP2803x Headerfile
                                                             ^

1 catastrophic error detected in the compilation of "../Example_2803xHRCap_Seuffer_Blank.c".
Compilation terminated.

>> Compilation failure
gmake: *** [Example_2803xHRCap_Seuffer_Blank.obj] Error 1
gmake: *** No rule to make target `C:/Users/a0415888/Documents/pwd/C2000Launchpad/git_repos/DSP2803x_common/cmd/28035_RAM_lnk.cmd', needed by `Example_2803xHRCap_Capture_HRPwm.out'.
gmake: *** No rule to make target `C:/Users/a0415888/Documents/pwd/C2000Launchpad/git_repos/DSP2803x_headers/cmd/DSP2803x_Headers_nonBIOS.cmd', needed by `Example_2803xHRCap_Capture_HRPwm.out'.
gmake: *** No rule to make target `C:/ti/controlSUITE/libs/utilities/hrcap_hccal/type0/v120/lib/HCCal_Type0_V1.lib', needed by `Example_2803xHRCap_Capture_HRPwm.out'.
gmake: Target `all' not remade because of errors.

**** Build Finished ****
