
**** Build of configuration Debug for project TDC1000_level_PC_Commn ****

"C:\\ti\\ccsv5\\utils\\bin\\gmake" -k all 
'Building file: C:/Users/a0415888/Documents/pwd/GIT_REPOS/C2000/c2000_lmp91400/code/TDC1000_level_PC_Commn/my_HRCap_Seuffer_Blank.c'
'Invoking: C2000 Compiler'
"C:/ti/ccsv5/tools/compiler/c2000_6.2.4/bin/cl2000" -v28 -ml -mt --cla_support=cla0 --include_path="C:/ti/ccsv5/tools/compiler/c2000_6.2.4/include" --include_path="C:/Users/a0415888/Documents/pwd/GIT_REPOS/C2000/c2000_lmp91400/DSP2803x_common/include" --include_path="C:/Users/a0415888/Documents/pwd/GIT_REPOS/C2000/c2000_lmp91400/DSP2803x_headers/include" --include_path="C:/Users/a0415888/Documents/pwd/GIT_REPOS/C2000/c2000_lmp91400/code/common_files" --include_path="C:/Users/a0415888/Documents/pwd/GIT_REPOS/C2000/c2000_lmp91400/libs/math/IQmath/v160/include" --include_path="C:/Users/a0415888/Documents/pwd/GIT_REPOS/C2000/c2000_lmp91400/libs/utilities/hrcap_hccal/type0/v110/include" -g --define="_DEBUG" --define="LARGE_MODEL" --diag_warning=225 --display_error_number --diag_wrap=off --preproc_with_compile --preproc_dependency="my_HRCap_Seuffer_Blank.pp"  "C:/Users/a0415888/Documents/pwd/GIT_REPOS/C2000/c2000_lmp91400/code/TDC1000_level_PC_Commn/my_HRCap_Seuffer_Blank.c"
'Finished building: C:/Users/a0415888/Documents/pwd/GIT_REPOS/C2000/c2000_lmp91400/code/TDC1000_level_PC_Commn/my_HRCap_Seuffer_Blank.c'
' '
'Building target: TDC1000_level_PC_Commn.out'
'Invoking: C2000 Linker'
"C:/ti/ccsv5/tools/compiler/c2000_6.2.4/bin/cl2000" -v28 -ml -mt --cla_support=cla0 -g --define="_DEBUG" --define="LARGE_MODEL" --diag_warning=225 --display_error_number --diag_wrap=off -z -m"TDC1000_level_PC_Commn.map" --stack_size=0x300 --warn_sections -i"C:/ti/ccsv5/tools/compiler/c2000_6.2.4/lib" -i"C:/ti/ccsv5/tools/compiler/c2000_6.2.4/include" -i"C:/Users/a0415888/Documents/pwd/GIT_REPOS/C2000/c2000_lmp91400/TDC1000_level_PC_Commn" -i"C:/ti/controlSUITE/device_support/f2803x/v127/DSP2803x_common/lib" -i"C:/Users/a0415888/Documents/pwd/GIT_REPOS/C2000/c2000_lmp91400/libs/math/IQmath/v160/lib" -i"C:/Users/a0415888/Documents/pwd/GIT_REPOS/C2000/c2000_lmp91400/libs/utilities/hrcap_hccal/type0/v110/lib" --reread_libs --display_error_number --diag_wrap=off --xml_link_info="TDC1000_level_PC_Commn_linkInfo.xml" --rom_model -o "TDC1000_level_PC_Commn.out"  "./state_machine.obj" "./my_HRCap_Seuffer_Blank.obj" "./my_2803xSci_Echoback.obj" "./main_level.obj" "./lmp91400_spi.obj" "./host_interface.obj" "./DSP2803x_usDelay.obj" "./DSP2803x_SysCtrl.obj" "./DSP2803x_Spi.obj" "./DSP2803x_Sci.obj" "./DSP2803x_PieVect.obj" "./DSP2803x_PieCtrl.obj" "./DSP2803x_HRCap.obj" "./DSP2803x_GlobalVariableDefs.obj" "./DSP2803x_EPwm.obj" "./DSP2803x_DefaultIsr.obj" "./DSP2803x_CodeStartBranch.obj" "C:/Users/a0415888/Documents/pwd/GIT_REPOS/C2000/c2000_lmp91400/DSP2803x_headers/cmd/DSP2803x_Headers_nonBIOS.cmd" "../F28035.cmd" "C:/Users/a0415888/Documents/pwd/GIT_REPOS/C2000/c2000_lmp91400/libs/utilities/hrcap_hccal/type0/v110/lib/HCCal_Type0_V1.lib" -l"rts2800_ml.lib" -l"IQmath.lib" 
<Linking>
'Finished building target: TDC1000_level_PC_Commn.out'
' '
'Create flash image: Intel-HEX'
"C:/ti/ccsv5/tools/compiler/c2000_6.2.4/bin/hex2000" -i "TDC1000_level_PC_Commn.out" -o "TDC1000_level_PC_Commn.hex" -order MS -romwidth 16
Translating to Intel format...
   "TDC1000_level_PC_Commn.out"   ==> ramfuncs
   "TDC1000_level_PC_Commn.out"   ==> .text
   "TDC1000_level_PC_Commn.out"   ==> .econst
   "TDC1000_level_PC_Commn.out"   ==> .cinit
   "TDC1000_level_PC_Commn.out"   ==> .switch
   "TDC1000_level_PC_Commn.out"   ==> codestart
' '

**** Build Finished ****

**** Build of configuration Debug for project TDC1000_level_PC_Commn ****

"C:\\ti\\ccsv5\\utils\\bin\\gmake" -k all 
gmake: Nothing to be done for `all'.

**** Build Finished ****
