
**** Build of configuration Debug for project lmp91400_level ****

"C:\\ti\\ccsv5\\utils\\bin\\gmake" -k all 
'Building file: C:/Users/a0415888/Documents/pwd/GIT_REPOS/C2000/c2000_lmp91400/DSP2803x_common/source/DSP2803x_DefaultIsr.c'
'Invoking: C2000 Compiler'
"C:/ti/ccsv5/tools/compiler/c2000_6.2.4/bin/cl2000" -v28 -ml -mt --cla_support=cla0 --include_path="C:/ti/ccsv5/tools/compiler/c2000_6.2.4/include" --include_path="C:/Users/a0415888/Documents/pwd/GIT_REPOS/C2000/c2000_lmp91400/DSP2803x_common/include" --include_path="C:/Users/a0415888/Documents/pwd/GIT_REPOS/C2000/c2000_lmp91400/DSP2803x_headers/include" --include_path="C:/Users/a0415888/Documents/pwd/GIT_REPOS/C2000/c2000_lmp91400/code/common_files" --include_path="C:/Users/a0415888/Documents/pwd/GIT_REPOS/C2000/c2000_lmp91400/libs/math/IQmath/v160/include" --include_path="C:/Users/a0415888/Documents/pwd/GIT_REPOS/C2000/c2000_lmp91400/libs/utilities/hrcap_hccal/type0/v110/include" -g --define="_DEBUG" --define="LARGE_MODEL" --diag_warning=225 --display_error_number --diag_wrap=off --preproc_with_compile --preproc_dependency="DSP2803x_DefaultIsr.pp"  "C:/Users/a0415888/Documents/pwd/GIT_REPOS/C2000/c2000_lmp91400/DSP2803x_common/source/DSP2803x_DefaultIsr.c"
'Finished building: C:/Users/a0415888/Documents/pwd/GIT_REPOS/C2000/c2000_lmp91400/DSP2803x_common/source/DSP2803x_DefaultIsr.c'
' '
'Building file: C:/Users/a0415888/Documents/pwd/GIT_REPOS/C2000/c2000_lmp91400/DSP2803x_common/source/DSP2803x_EPwm.c'
'Invoking: C2000 Compiler'
"C:/ti/ccsv5/tools/compiler/c2000_6.2.4/bin/cl2000" -v28 -ml -mt --cla_support=cla0 --include_path="C:/ti/ccsv5/tools/compiler/c2000_6.2.4/include" --include_path="C:/Users/a0415888/Documents/pwd/GIT_REPOS/C2000/c2000_lmp91400/DSP2803x_common/include" --include_path="C:/Users/a0415888/Documents/pwd/GIT_REPOS/C2000/c2000_lmp91400/DSP2803x_headers/include" --include_path="C:/Users/a0415888/Documents/pwd/GIT_REPOS/C2000/c2000_lmp91400/code/common_files" --include_path="C:/Users/a0415888/Documents/pwd/GIT_REPOS/C2000/c2000_lmp91400/libs/math/IQmath/v160/include" --include_path="C:/Users/a0415888/Documents/pwd/GIT_REPOS/C2000/c2000_lmp91400/libs/utilities/hrcap_hccal/type0/v110/include" -g --define="_DEBUG" --define="LARGE_MODEL" --diag_warning=225 --display_error_number --diag_wrap=off --preproc_with_compile --preproc_dependency="DSP2803x_EPwm.pp"  "C:/Users/a0415888/Documents/pwd/GIT_REPOS/C2000/c2000_lmp91400/DSP2803x_common/source/DSP2803x_EPwm.c"
'Finished building: C:/Users/a0415888/Documents/pwd/GIT_REPOS/C2000/c2000_lmp91400/DSP2803x_common/source/DSP2803x_EPwm.c'
' '
'Building file: C:/Users/a0415888/Documents/pwd/GIT_REPOS/C2000/c2000_lmp91400/DSP2803x_common/source/DSP2803x_HRCap.c'
'Invoking: C2000 Compiler'
"C:/ti/ccsv5/tools/compiler/c2000_6.2.4/bin/cl2000" -v28 -ml -mt --cla_support=cla0 --include_path="C:/ti/ccsv5/tools/compiler/c2000_6.2.4/include" --include_path="C:/Users/a0415888/Documents/pwd/GIT_REPOS/C2000/c2000_lmp91400/DSP2803x_common/include" --include_path="C:/Users/a0415888/Documents/pwd/GIT_REPOS/C2000/c2000_lmp91400/DSP2803x_headers/include" --include_path="C:/Users/a0415888/Documents/pwd/GIT_REPOS/C2000/c2000_lmp91400/code/common_files" --include_path="C:/Users/a0415888/Documents/pwd/GIT_REPOS/C2000/c2000_lmp91400/libs/math/IQmath/v160/include" --include_path="C:/Users/a0415888/Documents/pwd/GIT_REPOS/C2000/c2000_lmp91400/libs/utilities/hrcap_hccal/type0/v110/include" -g --define="_DEBUG" --define="LARGE_MODEL" --diag_warning=225 --display_error_number --diag_wrap=off --preproc_with_compile --preproc_dependency="DSP2803x_HRCap.pp"  "C:/Users/a0415888/Documents/pwd/GIT_REPOS/C2000/c2000_lmp91400/DSP2803x_common/source/DSP2803x_HRCap.c"
'Finished building: C:/Users/a0415888/Documents/pwd/GIT_REPOS/C2000/c2000_lmp91400/DSP2803x_common/source/DSP2803x_HRCap.c'
' '
'Building file: C:/Users/a0415888/Documents/pwd/GIT_REPOS/C2000/c2000_lmp91400/DSP2803x_common/source/DSP2803x_PieCtrl.c'
'Invoking: C2000 Compiler'
"C:/ti/ccsv5/tools/compiler/c2000_6.2.4/bin/cl2000" -v28 -ml -mt --cla_support=cla0 --include_path="C:/ti/ccsv5/tools/compiler/c2000_6.2.4/include" --include_path="C:/Users/a0415888/Documents/pwd/GIT_REPOS/C2000/c2000_lmp91400/DSP2803x_common/include" --include_path="C:/Users/a0415888/Documents/pwd/GIT_REPOS/C2000/c2000_lmp91400/DSP2803x_headers/include" --include_path="C:/Users/a0415888/Documents/pwd/GIT_REPOS/C2000/c2000_lmp91400/code/common_files" --include_path="C:/Users/a0415888/Documents/pwd/GIT_REPOS/C2000/c2000_lmp91400/libs/math/IQmath/v160/include" --include_path="C:/Users/a0415888/Documents/pwd/GIT_REPOS/C2000/c2000_lmp91400/libs/utilities/hrcap_hccal/type0/v110/include" -g --define="_DEBUG" --define="LARGE_MODEL" --diag_warning=225 --display_error_number --diag_wrap=off --preproc_with_compile --preproc_dependency="DSP2803x_PieCtrl.pp"  "C:/Users/a0415888/Documents/pwd/GIT_REPOS/C2000/c2000_lmp91400/DSP2803x_common/source/DSP2803x_PieCtrl.c"
'Finished building: C:/Users/a0415888/Documents/pwd/GIT_REPOS/C2000/c2000_lmp91400/DSP2803x_common/source/DSP2803x_PieCtrl.c'
' '
'Building file: C:/Users/a0415888/Documents/pwd/GIT_REPOS/C2000/c2000_lmp91400/DSP2803x_common/source/DSP2803x_PieVect.c'
'Invoking: C2000 Compiler'
"C:/ti/ccsv5/tools/compiler/c2000_6.2.4/bin/cl2000" -v28 -ml -mt --cla_support=cla0 --include_path="C:/ti/ccsv5/tools/compiler/c2000_6.2.4/include" --include_path="C:/Users/a0415888/Documents/pwd/GIT_REPOS/C2000/c2000_lmp91400/DSP2803x_common/include" --include_path="C:/Users/a0415888/Documents/pwd/GIT_REPOS/C2000/c2000_lmp91400/DSP2803x_headers/include" --include_path="C:/Users/a0415888/Documents/pwd/GIT_REPOS/C2000/c2000_lmp91400/code/common_files" --include_path="C:/Users/a0415888/Documents/pwd/GIT_REPOS/C2000/c2000_lmp91400/libs/math/IQmath/v160/include" --include_path="C:/Users/a0415888/Documents/pwd/GIT_REPOS/C2000/c2000_lmp91400/libs/utilities/hrcap_hccal/type0/v110/include" -g --define="_DEBUG" --define="LARGE_MODEL" --diag_warning=225 --display_error_number --diag_wrap=off --preproc_with_compile --preproc_dependency="DSP2803x_PieVect.pp"  "C:/Users/a0415888/Documents/pwd/GIT_REPOS/C2000/c2000_lmp91400/DSP2803x_common/source/DSP2803x_PieVect.c"
'Finished building: C:/Users/a0415888/Documents/pwd/GIT_REPOS/C2000/c2000_lmp91400/DSP2803x_common/source/DSP2803x_PieVect.c'
' '
'Building file: C:/Users/a0415888/Documents/pwd/GIT_REPOS/C2000/c2000_lmp91400/DSP2803x_common/source/DSP2803x_Sci.c'
'Invoking: C2000 Compiler'
"C:/ti/ccsv5/tools/compiler/c2000_6.2.4/bin/cl2000" -v28 -ml -mt --cla_support=cla0 --include_path="C:/ti/ccsv5/tools/compiler/c2000_6.2.4/include" --include_path="C:/Users/a0415888/Documents/pwd/GIT_REPOS/C2000/c2000_lmp91400/DSP2803x_common/include" --include_path="C:/Users/a0415888/Documents/pwd/GIT_REPOS/C2000/c2000_lmp91400/DSP2803x_headers/include" --include_path="C:/Users/a0415888/Documents/pwd/GIT_REPOS/C2000/c2000_lmp91400/code/common_files" --include_path="C:/Users/a0415888/Documents/pwd/GIT_REPOS/C2000/c2000_lmp91400/libs/math/IQmath/v160/include" --include_path="C:/Users/a0415888/Documents/pwd/GIT_REPOS/C2000/c2000_lmp91400/libs/utilities/hrcap_hccal/type0/v110/include" -g --define="_DEBUG" --define="LARGE_MODEL" --diag_warning=225 --display_error_number --diag_wrap=off --preproc_with_compile --preproc_dependency="DSP2803x_Sci.pp"  "C:/Users/a0415888/Documents/pwd/GIT_REPOS/C2000/c2000_lmp91400/DSP2803x_common/source/DSP2803x_Sci.c"
'Finished building: C:/Users/a0415888/Documents/pwd/GIT_REPOS/C2000/c2000_lmp91400/DSP2803x_common/source/DSP2803x_Sci.c'
' '
'Building file: C:/Users/a0415888/Documents/pwd/GIT_REPOS/C2000/c2000_lmp91400/DSP2803x_common/source/DSP2803x_Spi.c'
'Invoking: C2000 Compiler'
"C:/ti/ccsv5/tools/compiler/c2000_6.2.4/bin/cl2000" -v28 -ml -mt --cla_support=cla0 --include_path="C:/ti/ccsv5/tools/compiler/c2000_6.2.4/include" --include_path="C:/Users/a0415888/Documents/pwd/GIT_REPOS/C2000/c2000_lmp91400/DSP2803x_common/include" --include_path="C:/Users/a0415888/Documents/pwd/GIT_REPOS/C2000/c2000_lmp91400/DSP2803x_headers/include" --include_path="C:/Users/a0415888/Documents/pwd/GIT_REPOS/C2000/c2000_lmp91400/code/common_files" --include_path="C:/Users/a0415888/Documents/pwd/GIT_REPOS/C2000/c2000_lmp91400/libs/math/IQmath/v160/include" --include_path="C:/Users/a0415888/Documents/pwd/GIT_REPOS/C2000/c2000_lmp91400/libs/utilities/hrcap_hccal/type0/v110/include" -g --define="_DEBUG" --define="LARGE_MODEL" --diag_warning=225 --display_error_number --diag_wrap=off --preproc_with_compile --preproc_dependency="DSP2803x_Spi.pp"  "C:/Users/a0415888/Documents/pwd/GIT_REPOS/C2000/c2000_lmp91400/DSP2803x_common/source/DSP2803x_Spi.c"
'Finished building: C:/Users/a0415888/Documents/pwd/GIT_REPOS/C2000/c2000_lmp91400/DSP2803x_common/source/DSP2803x_Spi.c'
' '
'Building file: C:/Users/a0415888/Documents/pwd/GIT_REPOS/C2000/c2000_lmp91400/DSP2803x_common/source/DSP2803x_SysCtrl.c'
'Invoking: C2000 Compiler'
"C:/ti/ccsv5/tools/compiler/c2000_6.2.4/bin/cl2000" -v28 -ml -mt --cla_support=cla0 --include_path="C:/ti/ccsv5/tools/compiler/c2000_6.2.4/include" --include_path="C:/Users/a0415888/Documents/pwd/GIT_REPOS/C2000/c2000_lmp91400/DSP2803x_common/include" --include_path="C:/Users/a0415888/Documents/pwd/GIT_REPOS/C2000/c2000_lmp91400/DSP2803x_headers/include" --include_path="C:/Users/a0415888/Documents/pwd/GIT_REPOS/C2000/c2000_lmp91400/code/common_files" --include_path="C:/Users/a0415888/Documents/pwd/GIT_REPOS/C2000/c2000_lmp91400/libs/math/IQmath/v160/include" --include_path="C:/Users/a0415888/Documents/pwd/GIT_REPOS/C2000/c2000_lmp91400/libs/utilities/hrcap_hccal/type0/v110/include" -g --define="_DEBUG" --define="LARGE_MODEL" --diag_warning=225 --display_error_number --diag_wrap=off --preproc_with_compile --preproc_dependency="DSP2803x_SysCtrl.pp"  "C:/Users/a0415888/Documents/pwd/GIT_REPOS/C2000/c2000_lmp91400/DSP2803x_common/source/DSP2803x_SysCtrl.c"
'Finished building: C:/Users/a0415888/Documents/pwd/GIT_REPOS/C2000/c2000_lmp91400/DSP2803x_common/source/DSP2803x_SysCtrl.c'
' '
'Building file: C:/Users/a0415888/Documents/pwd/GIT_REPOS/C2000/c2000_lmp91400/code/common_files/Example_2803xHRCap_Seuffer_Blank.c'
'Invoking: C2000 Compiler'
"C:/ti/ccsv5/tools/compiler/c2000_6.2.4/bin/cl2000" -v28 -ml -mt --cla_support=cla0 --include_path="C:/ti/ccsv5/tools/compiler/c2000_6.2.4/include" --include_path="C:/Users/a0415888/Documents/pwd/GIT_REPOS/C2000/c2000_lmp91400/DSP2803x_common/include" --include_path="C:/Users/a0415888/Documents/pwd/GIT_REPOS/C2000/c2000_lmp91400/DSP2803x_headers/include" --include_path="C:/Users/a0415888/Documents/pwd/GIT_REPOS/C2000/c2000_lmp91400/code/common_files" --include_path="C:/Users/a0415888/Documents/pwd/GIT_REPOS/C2000/c2000_lmp91400/libs/math/IQmath/v160/include" --include_path="C:/Users/a0415888/Documents/pwd/GIT_REPOS/C2000/c2000_lmp91400/libs/utilities/hrcap_hccal/type0/v110/include" -g --define="_DEBUG" --define="LARGE_MODEL" --diag_warning=225 --display_error_number --diag_wrap=off --preproc_with_compile --preproc_dependency="Example_2803xHRCap_Seuffer_Blank.pp"  "C:/Users/a0415888/Documents/pwd/GIT_REPOS/C2000/c2000_lmp91400/code/common_files/Example_2803xHRCap_Seuffer_Blank.c"
'Finished building: C:/Users/a0415888/Documents/pwd/GIT_REPOS/C2000/c2000_lmp91400/code/common_files/Example_2803xHRCap_Seuffer_Blank.c'
' '
'Building file: C:/Users/a0415888/Documents/pwd/GIT_REPOS/C2000/c2000_lmp91400/code/common_files/Example_2803xSci_Echoback.c'
'Invoking: C2000 Compiler'
"C:/ti/ccsv5/tools/compiler/c2000_6.2.4/bin/cl2000" -v28 -ml -mt --cla_support=cla0 --include_path="C:/ti/ccsv5/tools/compiler/c2000_6.2.4/include" --include_path="C:/Users/a0415888/Documents/pwd/GIT_REPOS/C2000/c2000_lmp91400/DSP2803x_common/include" --include_path="C:/Users/a0415888/Documents/pwd/GIT_REPOS/C2000/c2000_lmp91400/DSP2803x_headers/include" --include_path="C:/Users/a0415888/Documents/pwd/GIT_REPOS/C2000/c2000_lmp91400/code/common_files" --include_path="C:/Users/a0415888/Documents/pwd/GIT_REPOS/C2000/c2000_lmp91400/libs/math/IQmath/v160/include" --include_path="C:/Users/a0415888/Documents/pwd/GIT_REPOS/C2000/c2000_lmp91400/libs/utilities/hrcap_hccal/type0/v110/include" -g --define="_DEBUG" --define="LARGE_MODEL" --diag_warning=225 --display_error_number --diag_wrap=off --preproc_with_compile --preproc_dependency="Example_2803xSci_Echoback.pp"  "C:/Users/a0415888/Documents/pwd/GIT_REPOS/C2000/c2000_lmp91400/code/common_files/Example_2803xSci_Echoback.c"
'Finished building: C:/Users/a0415888/Documents/pwd/GIT_REPOS/C2000/c2000_lmp91400/code/common_files/Example_2803xSci_Echoback.c'
' '
'Building file: C:/Users/a0415888/Documents/pwd/GIT_REPOS/C2000/c2000_lmp91400/code/common_files/lmp91400_spi.c'
'Invoking: C2000 Compiler'
"C:/ti/ccsv5/tools/compiler/c2000_6.2.4/bin/cl2000" -v28 -ml -mt --cla_support=cla0 --include_path="C:/ti/ccsv5/tools/compiler/c2000_6.2.4/include" --include_path="C:/Users/a0415888/Documents/pwd/GIT_REPOS/C2000/c2000_lmp91400/DSP2803x_common/include" --include_path="C:/Users/a0415888/Documents/pwd/GIT_REPOS/C2000/c2000_lmp91400/DSP2803x_headers/include" --include_path="C:/Users/a0415888/Documents/pwd/GIT_REPOS/C2000/c2000_lmp91400/code/common_files" --include_path="C:/Users/a0415888/Documents/pwd/GIT_REPOS/C2000/c2000_lmp91400/libs/math/IQmath/v160/include" --include_path="C:/Users/a0415888/Documents/pwd/GIT_REPOS/C2000/c2000_lmp91400/libs/utilities/hrcap_hccal/type0/v110/include" -g --define="_DEBUG" --define="LARGE_MODEL" --diag_warning=225 --display_error_number --diag_wrap=off --preproc_with_compile --preproc_dependency="lmp91400_spi.pp"  "C:/Users/a0415888/Documents/pwd/GIT_REPOS/C2000/c2000_lmp91400/code/common_files/lmp91400_spi.c"
"C:/Users/a0415888/Documents/pwd/GIT_REPOS/C2000/c2000_lmp91400/code/common_files/lmp91400_spi.c", line 62: warning #552-D: variable "rdata" was set but never used
'Finished building: C:/Users/a0415888/Documents/pwd/GIT_REPOS/C2000/c2000_lmp91400/code/common_files/lmp91400_spi.c'
' '
'Building file: C:/Users/a0415888/Documents/pwd/GIT_REPOS/C2000/c2000_lmp91400/code/lmp91400_level/main_level.c'
'Invoking: C2000 Compiler'
"C:/ti/ccsv5/tools/compiler/c2000_6.2.4/bin/cl2000" -v28 -ml -mt --cla_support=cla0 --include_path="C:/ti/ccsv5/tools/compiler/c2000_6.2.4/include" --include_path="C:/Users/a0415888/Documents/pwd/GIT_REPOS/C2000/c2000_lmp91400/DSP2803x_common/include" --include_path="C:/Users/a0415888/Documents/pwd/GIT_REPOS/C2000/c2000_lmp91400/DSP2803x_headers/include" --include_path="C:/Users/a0415888/Documents/pwd/GIT_REPOS/C2000/c2000_lmp91400/code/common_files" --include_path="C:/Users/a0415888/Documents/pwd/GIT_REPOS/C2000/c2000_lmp91400/libs/math/IQmath/v160/include" --include_path="C:/Users/a0415888/Documents/pwd/GIT_REPOS/C2000/c2000_lmp91400/libs/utilities/hrcap_hccal/type0/v110/include" -g --define="_DEBUG" --define="LARGE_MODEL" --diag_warning=225 --display_error_number --diag_wrap=off --preproc_with_compile --preproc_dependency="main_level.pp"  "C:/Users/a0415888/Documents/pwd/GIT_REPOS/C2000/c2000_lmp91400/code/lmp91400_level/main_level.c"
'Finished building: C:/Users/a0415888/Documents/pwd/GIT_REPOS/C2000/c2000_lmp91400/code/lmp91400_level/main_level.c'
' '
'Building file: C:/Users/a0415888/Documents/pwd/GIT_REPOS/C2000/c2000_lmp91400/code/lmp91400_level/state_machine.c'
'Invoking: C2000 Compiler'
"C:/ti/ccsv5/tools/compiler/c2000_6.2.4/bin/cl2000" -v28 -ml -mt --cla_support=cla0 --include_path="C:/ti/ccsv5/tools/compiler/c2000_6.2.4/include" --include_path="C:/Users/a0415888/Documents/pwd/GIT_REPOS/C2000/c2000_lmp91400/DSP2803x_common/include" --include_path="C:/Users/a0415888/Documents/pwd/GIT_REPOS/C2000/c2000_lmp91400/DSP2803x_headers/include" --include_path="C:/Users/a0415888/Documents/pwd/GIT_REPOS/C2000/c2000_lmp91400/code/common_files" --include_path="C:/Users/a0415888/Documents/pwd/GIT_REPOS/C2000/c2000_lmp91400/libs/math/IQmath/v160/include" --include_path="C:/Users/a0415888/Documents/pwd/GIT_REPOS/C2000/c2000_lmp91400/libs/utilities/hrcap_hccal/type0/v110/include" -g --define="_DEBUG" --define="LARGE_MODEL" --diag_warning=225 --display_error_number --diag_wrap=off --preproc_with_compile --preproc_dependency="state_machine.pp"  "C:/Users/a0415888/Documents/pwd/GIT_REPOS/C2000/c2000_lmp91400/code/lmp91400_level/state_machine.c"
'Finished building: C:/Users/a0415888/Documents/pwd/GIT_REPOS/C2000/c2000_lmp91400/code/lmp91400_level/state_machine.c'
' '
'Building target: lmp91400_level.out'
'Invoking: C2000 Linker'
"C:/ti/ccsv5/tools/compiler/c2000_6.2.4/bin/cl2000" -v28 -ml -mt --cla_support=cla0 -g --define="_DEBUG" --define="LARGE_MODEL" --diag_warning=225 --display_error_number --diag_wrap=off -z -m"lmp91400_level.map" --stack_size=0x300 --warn_sections -i"C:/ti/ccsv5/tools/compiler/c2000_6.2.4/lib" -i"C:/ti/ccsv5/tools/compiler/c2000_6.2.4/include" -i"C:/Users/a0415888/Documents/pwd/GIT_REPOS/C2000/c2000_lmp91400/lmp91400_level" -i"C:/ti/controlSUITE/device_support/f2803x/v127/DSP2803x_common/lib" -i"C:/Users/a0415888/Documents/pwd/GIT_REPOS/C2000/c2000_lmp91400/libs/math/IQmath/v160/lib" -i"C:/Users/a0415888/Documents/pwd/GIT_REPOS/C2000/c2000_lmp91400/libs/utilities/hrcap_hccal/type0/v110/lib" --reread_libs --display_error_number --diag_wrap=off --xml_link_info="lmp91400_level_linkInfo.xml" --rom_model -o "lmp91400_level.out"  "./state_machine.obj" "./main_level.obj" "./lmp91400_spi.obj" "./Example_2803xSci_Echoback.obj" "./Example_2803xHRCap_Seuffer_Blank.obj" "./DSP2803x_usDelay.obj" "./DSP2803x_SysCtrl.obj" "./DSP2803x_Spi.obj" "./DSP2803x_Sci.obj" "./DSP2803x_PieVect.obj" "./DSP2803x_PieCtrl.obj" "./DSP2803x_HRCap.obj" "./DSP2803x_GlobalVariableDefs.obj" "./DSP2803x_EPwm.obj" "./DSP2803x_DefaultIsr.obj" "./DSP2803x_CodeStartBranch.obj" "C:/Users/a0415888/Documents/pwd/GIT_REPOS/C2000/c2000_lmp91400/DSP2803x_headers/cmd/DSP2803x_Headers_nonBIOS.cmd" "../F28035.cmd" "C:/Users/a0415888/Documents/pwd/GIT_REPOS/C2000/c2000_lmp91400/libs/utilities/hrcap_hccal/type0/v110/lib/HCCal_Type0_V1.lib" -l"rts2800_ml.lib" -l"IQmath.lib" 
<Linking>
'Finished building target: lmp91400_level.out'
' '

**** Build Finished ****
