
**** Build of configuration Debug for project my_led_blink ****

"C:\\ti\\ccsv5\\utils\\bin\\gmake" -k all 
'Building file: C:/Users/a0415888/Documents/pwd/GIT_REPOS/C2000/c2000_lmp91400/DSP2803x_common/source/DSP2803x_CodeStartBranch.asm'
'Invoking: C2000 Compiler'
"C:/ti/ccsv5/tools/compiler/c2000_6.2.0/bin/cl2000" -v28 -ml -mt --cla_support=cla0 --include_path="C:/ti/ccsv5/tools/compiler/c2000_6.2.0/include" --include_path="C:/Users/a0415888/Documents/pwd/GIT_REPOS/C2000/c2000_lmp91400/DSP2803x_common/include" --include_path="C:/Users/a0415888/Documents/pwd/GIT_REPOS/C2000/c2000_lmp91400/DSP2803x_headers/include" --include_path="C:/ti/controlSUITE/libs/math/IQmath/v160/include" -g --define="_DEBUG" --define="LARGE_MODEL" --diag_warning=225 --display_error_number --diag_wrap=off --preproc_with_compile --preproc_dependency="DSP2803x_CodeStartBranch.pp"  "C:/Users/a0415888/Documents/pwd/GIT_REPOS/C2000/c2000_lmp91400/DSP2803x_common/source/DSP2803x_CodeStartBranch.asm"
'Finished building: C:/Users/a0415888/Documents/pwd/GIT_REPOS/C2000/c2000_lmp91400/DSP2803x_common/source/DSP2803x_CodeStartBranch.asm'
' '
'Building file: C:/Users/a0415888/Documents/pwd/GIT_REPOS/C2000/c2000_lmp91400/DSP2803x_common/source/DSP2803x_CpuTimers.c'
'Invoking: C2000 Compiler'
"C:/ti/ccsv5/tools/compiler/c2000_6.2.0/bin/cl2000" -v28 -ml -mt --cla_support=cla0 --include_path="C:/ti/ccsv5/tools/compiler/c2000_6.2.0/include" --include_path="C:/Users/a0415888/Documents/pwd/GIT_REPOS/C2000/c2000_lmp91400/DSP2803x_common/include" --include_path="C:/Users/a0415888/Documents/pwd/GIT_REPOS/C2000/c2000_lmp91400/DSP2803x_headers/include" --include_path="C:/ti/controlSUITE/libs/math/IQmath/v160/include" -g --define="_DEBUG" --define="LARGE_MODEL" --diag_warning=225 --display_error_number --diag_wrap=off --preproc_with_compile --preproc_dependency="DSP2803x_CpuTimers.pp"  "C:/Users/a0415888/Documents/pwd/GIT_REPOS/C2000/c2000_lmp91400/DSP2803x_common/source/DSP2803x_CpuTimers.c"
'Finished building: C:/Users/a0415888/Documents/pwd/GIT_REPOS/C2000/c2000_lmp91400/DSP2803x_common/source/DSP2803x_CpuTimers.c'
' '
'Building file: C:/Users/a0415888/Documents/pwd/GIT_REPOS/C2000/c2000_lmp91400/DSP2803x_common/source/DSP2803x_DefaultIsr.c'
'Invoking: C2000 Compiler'
"C:/ti/ccsv5/tools/compiler/c2000_6.2.0/bin/cl2000" -v28 -ml -mt --cla_support=cla0 --include_path="C:/ti/ccsv5/tools/compiler/c2000_6.2.0/include" --include_path="C:/Users/a0415888/Documents/pwd/GIT_REPOS/C2000/c2000_lmp91400/DSP2803x_common/include" --include_path="C:/Users/a0415888/Documents/pwd/GIT_REPOS/C2000/c2000_lmp91400/DSP2803x_headers/include" --include_path="C:/ti/controlSUITE/libs/math/IQmath/v160/include" -g --define="_DEBUG" --define="LARGE_MODEL" --diag_warning=225 --display_error_number --diag_wrap=off --preproc_with_compile --preproc_dependency="DSP2803x_DefaultIsr.pp"  "C:/Users/a0415888/Documents/pwd/GIT_REPOS/C2000/c2000_lmp91400/DSP2803x_common/source/DSP2803x_DefaultIsr.c"
'Finished building: C:/Users/a0415888/Documents/pwd/GIT_REPOS/C2000/c2000_lmp91400/DSP2803x_common/source/DSP2803x_DefaultIsr.c'
' '
'Building file: C:/Users/a0415888/Documents/pwd/GIT_REPOS/C2000/c2000_lmp91400/DSP2803x_headers/source/DSP2803x_GlobalVariableDefs.c'
'Invoking: C2000 Compiler'
"C:/ti/ccsv5/tools/compiler/c2000_6.2.0/bin/cl2000" -v28 -ml -mt --cla_support=cla0 --include_path="C:/ti/ccsv5/tools/compiler/c2000_6.2.0/include" --include_path="C:/Users/a0415888/Documents/pwd/GIT_REPOS/C2000/c2000_lmp91400/DSP2803x_common/include" --include_path="C:/Users/a0415888/Documents/pwd/GIT_REPOS/C2000/c2000_lmp91400/DSP2803x_headers/include" --include_path="C:/ti/controlSUITE/libs/math/IQmath/v160/include" -g --define="_DEBUG" --define="LARGE_MODEL" --diag_warning=225 --display_error_number --diag_wrap=off --preproc_with_compile --preproc_dependency="DSP2803x_GlobalVariableDefs.pp"  "C:/Users/a0415888/Documents/pwd/GIT_REPOS/C2000/c2000_lmp91400/DSP2803x_headers/source/DSP2803x_GlobalVariableDefs.c"
'Finished building: C:/Users/a0415888/Documents/pwd/GIT_REPOS/C2000/c2000_lmp91400/DSP2803x_headers/source/DSP2803x_GlobalVariableDefs.c'
' '
'Building file: C:/Users/a0415888/Documents/pwd/GIT_REPOS/C2000/c2000_lmp91400/DSP2803x_common/source/DSP2803x_PieCtrl.c'
'Invoking: C2000 Compiler'
"C:/ti/ccsv5/tools/compiler/c2000_6.2.0/bin/cl2000" -v28 -ml -mt --cla_support=cla0 --include_path="C:/ti/ccsv5/tools/compiler/c2000_6.2.0/include" --include_path="C:/Users/a0415888/Documents/pwd/GIT_REPOS/C2000/c2000_lmp91400/DSP2803x_common/include" --include_path="C:/Users/a0415888/Documents/pwd/GIT_REPOS/C2000/c2000_lmp91400/DSP2803x_headers/include" --include_path="C:/ti/controlSUITE/libs/math/IQmath/v160/include" -g --define="_DEBUG" --define="LARGE_MODEL" --diag_warning=225 --display_error_number --diag_wrap=off --preproc_with_compile --preproc_dependency="DSP2803x_PieCtrl.pp"  "C:/Users/a0415888/Documents/pwd/GIT_REPOS/C2000/c2000_lmp91400/DSP2803x_common/source/DSP2803x_PieCtrl.c"
'Finished building: C:/Users/a0415888/Documents/pwd/GIT_REPOS/C2000/c2000_lmp91400/DSP2803x_common/source/DSP2803x_PieCtrl.c'
' '
'Building file: C:/Users/a0415888/Documents/pwd/GIT_REPOS/C2000/c2000_lmp91400/DSP2803x_common/source/DSP2803x_PieVect.c'
'Invoking: C2000 Compiler'
"C:/ti/ccsv5/tools/compiler/c2000_6.2.0/bin/cl2000" -v28 -ml -mt --cla_support=cla0 --include_path="C:/ti/ccsv5/tools/compiler/c2000_6.2.0/include" --include_path="C:/Users/a0415888/Documents/pwd/GIT_REPOS/C2000/c2000_lmp91400/DSP2803x_common/include" --include_path="C:/Users/a0415888/Documents/pwd/GIT_REPOS/C2000/c2000_lmp91400/DSP2803x_headers/include" --include_path="C:/ti/controlSUITE/libs/math/IQmath/v160/include" -g --define="_DEBUG" --define="LARGE_MODEL" --diag_warning=225 --display_error_number --diag_wrap=off --preproc_with_compile --preproc_dependency="DSP2803x_PieVect.pp"  "C:/Users/a0415888/Documents/pwd/GIT_REPOS/C2000/c2000_lmp91400/DSP2803x_common/source/DSP2803x_PieVect.c"
'Finished building: C:/Users/a0415888/Documents/pwd/GIT_REPOS/C2000/c2000_lmp91400/DSP2803x_common/source/DSP2803x_PieVect.c'
' '
'Building file: C:/Users/a0415888/Documents/pwd/GIT_REPOS/C2000/c2000_lmp91400/DSP2803x_common/source/DSP2803x_SysCtrl.c'
'Invoking: C2000 Compiler'
"C:/ti/ccsv5/tools/compiler/c2000_6.2.0/bin/cl2000" -v28 -ml -mt --cla_support=cla0 --include_path="C:/ti/ccsv5/tools/compiler/c2000_6.2.0/include" --include_path="C:/Users/a0415888/Documents/pwd/GIT_REPOS/C2000/c2000_lmp91400/DSP2803x_common/include" --include_path="C:/Users/a0415888/Documents/pwd/GIT_REPOS/C2000/c2000_lmp91400/DSP2803x_headers/include" --include_path="C:/ti/controlSUITE/libs/math/IQmath/v160/include" -g --define="_DEBUG" --define="LARGE_MODEL" --diag_warning=225 --display_error_number --diag_wrap=off --preproc_with_compile --preproc_dependency="DSP2803x_SysCtrl.pp"  "C:/Users/a0415888/Documents/pwd/GIT_REPOS/C2000/c2000_lmp91400/DSP2803x_common/source/DSP2803x_SysCtrl.c"
'Finished building: C:/Users/a0415888/Documents/pwd/GIT_REPOS/C2000/c2000_lmp91400/DSP2803x_common/source/DSP2803x_SysCtrl.c'
' '
'Building file: C:/Users/a0415888/Documents/pwd/GIT_REPOS/C2000/c2000_lmp91400/DSP2803x_common/source/DSP2803x_usDelay.asm'
'Invoking: C2000 Compiler'
"C:/ti/ccsv5/tools/compiler/c2000_6.2.0/bin/cl2000" -v28 -ml -mt --cla_support=cla0 --include_path="C:/ti/ccsv5/tools/compiler/c2000_6.2.0/include" --include_path="C:/Users/a0415888/Documents/pwd/GIT_REPOS/C2000/c2000_lmp91400/DSP2803x_common/include" --include_path="C:/Users/a0415888/Documents/pwd/GIT_REPOS/C2000/c2000_lmp91400/DSP2803x_headers/include" --include_path="C:/ti/controlSUITE/libs/math/IQmath/v160/include" -g --define="_DEBUG" --define="LARGE_MODEL" --diag_warning=225 --display_error_number --diag_wrap=off --preproc_with_compile --preproc_dependency="DSP2803x_usDelay.pp"  "C:/Users/a0415888/Documents/pwd/GIT_REPOS/C2000/c2000_lmp91400/DSP2803x_common/source/DSP2803x_usDelay.asm"
'Finished building: C:/Users/a0415888/Documents/pwd/GIT_REPOS/C2000/c2000_lmp91400/DSP2803x_common/source/DSP2803x_usDelay.asm'
' '
'Building file: C:/Users/a0415888/Documents/pwd/GIT_REPOS/C2000/c2000_lmp91400/code/test_led_blink/Example_2803xLEDBlink.c'
'Invoking: C2000 Compiler'
"C:/ti/ccsv5/tools/compiler/c2000_6.2.0/bin/cl2000" -v28 -ml -mt --cla_support=cla0 --include_path="C:/ti/ccsv5/tools/compiler/c2000_6.2.0/include" --include_path="C:/Users/a0415888/Documents/pwd/GIT_REPOS/C2000/c2000_lmp91400/DSP2803x_common/include" --include_path="C:/Users/a0415888/Documents/pwd/GIT_REPOS/C2000/c2000_lmp91400/DSP2803x_headers/include" --include_path="C:/ti/controlSUITE/libs/math/IQmath/v160/include" -g --define="_DEBUG" --define="LARGE_MODEL" --diag_warning=225 --display_error_number --diag_wrap=off --preproc_with_compile --preproc_dependency="Example_2803xLEDBlink.pp"  "C:/Users/a0415888/Documents/pwd/GIT_REPOS/C2000/c2000_lmp91400/code/test_led_blink/Example_2803xLEDBlink.c"
'Finished building: C:/Users/a0415888/Documents/pwd/GIT_REPOS/C2000/c2000_lmp91400/code/test_led_blink/Example_2803xLEDBlink.c'
' '
'Building target: my_led_blink.out'
'Invoking: C2000 Linker'
"C:/ti/ccsv5/tools/compiler/c2000_6.2.0/bin/cl2000" -v28 -ml -mt --cla_support=cla0 -g --define="_DEBUG" --define="LARGE_MODEL" --diag_warning=225 --display_error_number --diag_wrap=off -z -m"my_led_blink.map" --stack_size=0x300 --warn_sections -i"C:/ti/ccsv5/tools/compiler/c2000_6.2.0/lib" -i"C:/ti/ccsv5/tools/compiler/c2000_6.2.0/include" -i"C:/Users/a0415888/Documents/pwd/GIT_REPOS/C2000/c2000_lmp91400/my_led_blink" -i"C:/Users/a0415888/Documents/pwd/GIT_REPOS/C2000/c2000_lmp91400/DSP2803x_common/lib" -i"C:/ti/controlSUITE/libs/math/IQmath/v160/lib" --reread_libs --display_error_number --diag_wrap=off --xml_link_info="my_led_blink_linkInfo.xml" --rom_model -o "my_led_blink.out"  "./Example_2803xLEDBlink.obj" "./DSP2803x_usDelay.obj" "./DSP2803x_SysCtrl.obj" "./DSP2803x_PieVect.obj" "./DSP2803x_PieCtrl.obj" "./DSP2803x_GlobalVariableDefs.obj" "./DSP2803x_DefaultIsr.obj" "./DSP2803x_CpuTimers.obj" "./DSP2803x_CodeStartBranch.obj" "../28035_RAM_lnk.cmd" "C:/Users/a0415888/Documents/pwd/GIT_REPOS/C2000/c2000_lmp91400/DSP2803x_headers/cmd/DSP2803x_Headers_nonBIOS.cmd" -l"rts2800_ml.lib" -l"IQmath.lib" 
<Linking>
'Finished building target: my_led_blink.out'
' '

**** Build Finished ****
